2020-11-03 11:22:57.651150: I tensorflow/core/platform/cpu_feature_guard.cc:142] This TensorFlow binary is optimized with oneAPI Deep Neural Network Library (oneDNN)to use the following CPU instructions in performance-critical operations:  AVX2 FMA
To enable them in other operations, rebuild TensorFlow with the appropriate compiler flags.
2020-11-03 11:22:57.675564: I tensorflow/core/platform/profile_utils/cpu_utils.cc:104] CPU Frequency: 2799925000 Hz
2020-11-03 11:22:57.676195: I tensorflow/compiler/xla/service/service.cc:168] XLA service 0x6a22cd0 initialized for platform Host (this does not guarantee that XLA will be used). Devices:
2020-11-03 11:22:57.676211: I tensorflow/compiler/xla/service/service.cc:176]   StreamExecutor device (0): Host, Default Version
2020-11-03 11:22:57.677616: I tensorflow/stream_executor/platform/default/dso_loader.cc:48] Successfully opened dynamic library libcuda.so.1
2020-11-03 11:22:57.721536: I tensorflow/stream_executor/cuda/cuda_gpu_executor.cc:982] successful NUMA node read from SysFS had negative value (-1), but there must be at least one NUMA node, so returning NUMA node zero
2020-11-03 11:22:57.721941: I tensorflow/compiler/xla/service/service.cc:168] XLA service 0x6977ec0 initialized for platform CUDA (this does not guarantee that XLA will be used). Devices:
2020-11-03 11:22:57.721981: I tensorflow/compiler/xla/service/service.cc:176]   StreamExecutor device (0): GeForce GTX 1050, Compute Capability 6.1
2020-11-03 11:22:57.722168: I tensorflow/stream_executor/cuda/cuda_gpu_executor.cc:982] successful NUMA node read from SysFS had negative value (-1), but there must be at least one NUMA node, so returning NUMA node zero
2020-11-03 11:22:57.722377: I tensorflow/core/common_runtime/gpu/gpu_device.cc:1716] Found device 0 with properties: 
pciBusID: 0000:01:00.0 name: GeForce GTX 1050 computeCapability: 6.1
coreClock: 1.493GHz coreCount: 5 deviceMemorySize: 1.95GiB deviceMemoryBandwidth: 104.43GiB/s
2020-11-03 11:22:57.722425: I tensorflow/stream_executor/platform/default/dso_loader.cc:48] Successfully opened dynamic library libcudart.so.10.1
2020-11-03 11:22:57.724221: I tensorflow/stream_executor/platform/default/dso_loader.cc:48] Successfully opened dynamic library libcublas.so.10
2020-11-03 11:22:57.725976: I tensorflow/stream_executor/platform/default/dso_loader.cc:48] Successfully opened dynamic library libcufft.so.10
2020-11-03 11:22:57.726530: I tensorflow/stream_executor/platform/default/dso_loader.cc:48] Successfully opened dynamic library libcurand.so.10
2020-11-03 11:22:57.728378: I tensorflow/stream_executor/platform/default/dso_loader.cc:48] Successfully opened dynamic library libcusolver.so.10
2020-11-03 11:22:57.729416: I tensorflow/stream_executor/platform/default/dso_loader.cc:48] Successfully opened dynamic library libcusparse.so.10
2020-11-03 11:22:57.732951: I tensorflow/stream_executor/platform/default/dso_loader.cc:48] Successfully opened dynamic library libcudnn.so.7
2020-11-03 11:22:57.733154: I tensorflow/stream_executor/cuda/cuda_gpu_executor.cc:982] successful NUMA node read from SysFS had negative value (-1), but there must be at least one NUMA node, so returning NUMA node zero
2020-11-03 11:22:57.733800: I tensorflow/stream_executor/cuda/cuda_gpu_executor.cc:982] successful NUMA node read from SysFS had negative value (-1), but there must be at least one NUMA node, so returning NUMA node zero
2020-11-03 11:22:57.734104: I tensorflow/core/common_runtime/gpu/gpu_device.cc:1858] Adding visible gpu devices: 0
2020-11-03 11:22:57.734198: I tensorflow/stream_executor/platform/default/dso_loader.cc:48] Successfully opened dynamic library libcudart.so.10.1
2020-11-03 11:22:58.141291: I tensorflow/core/common_runtime/gpu/gpu_device.cc:1257] Device interconnect StreamExecutor with strength 1 edge matrix:
2020-11-03 11:22:58.141338: I tensorflow/core/common_runtime/gpu/gpu_device.cc:1263]      0 
2020-11-03 11:22:58.141344: I tensorflow/core/common_runtime/gpu/gpu_device.cc:1276] 0:   N 
2020-11-03 11:22:58.141594: I tensorflow/stream_executor/cuda/cuda_gpu_executor.cc:982] successful NUMA node read from SysFS had negative value (-1), but there must be at least one NUMA node, so returning NUMA node zero
2020-11-03 11:22:58.141907: I tensorflow/stream_executor/cuda/cuda_gpu_executor.cc:982] successful NUMA node read from SysFS had negative value (-1), but there must be at least one NUMA node, so returning NUMA node zero
2020-11-03 11:22:58.142130: I tensorflow/core/common_runtime/gpu/gpu_device.cc:1402] Created TensorFlow device (/job:localhost/replica:0/task:0/device:GPU:0 with 1349 MB memory) -> physical GPU (device: 0, name: GeForce GTX 1050, pci bus id: 0000:01:00.0, compute capability: 6.1)
<models.gpt2_model.GPT2Model object at 0x7fc94c10ec88>
Tokenizing and building vocabulary for code snippets and queries.  This step may take several hours.
2020-11-03 11:24:22.607416: W tensorflow/python/util/util.cc:348] Sets are not currently considered sequences, but this may change in the future, so consider avoiding using them.
Some layers from the model checkpoint at gpt2 were not used when initializing TFGPT2LMHeadModel: ['h_._10/ln_1/beta:0', 'h_._5/ln_1/gamma:0', 'h_._6/mlp/c_fc/weight:0', 'h_._2/attn/c_attn/bias:0', 'h_._6/ln_2/beta:0', 'h_._3/ln_1/gamma:0', 'h_._8/ln_1/beta:0', 'h_._5/mlp/c_proj/bias:0', 'h_._3/mlp/c_proj/bias:0', 'h_._0/ln_1/gamma:0', 'h_._7/mlp/c_fc/bias:0', 'h_._1/mlp/c_fc/weight:0', 'h_._11/mlp/c_proj/bias:0', 'h_._10/attn/c_attn/bias:0', 'h_._4/mlp/c_proj/weight:0', 'h_._6/mlp/c_proj/bias:0', 'h_._7/attn/c_attn/bias:0', 'h_._2/attn/c_proj/weight:0', 'h_._11/attn/c_attn/bias:0', 'h_._3/attn/c_proj/weight:0', 'h_._8/attn/c_attn/bias:0', 'h_._7/attn/c_attn/weight:0', 'h_._9/ln_2/beta:0', 'h_._3/ln_1/beta:0', 'h_._9/attn/c_attn/bias:0', 'ln_f/gamma:0', 'h_._11/ln_2/gamma:0', 'h_._2/attn/c_attn/weight:0', 'h_._8/mlp/c_proj/weight:0', 'h_._4/mlp/c_fc/bias:0', 'h_._5/attn/c_proj/weight:0', 'h_._9/mlp/c_fc/bias:0', 'h_._8/attn/c_attn/weight:0', 'h_._9/mlp/c_proj/bias:0', 'h_._1/attn/c_proj/weight:0', 'h_._6/ln_2/gamma:0', 'h_._4/ln_1/beta:0', 'h_._5/ln_1/beta:0', 'h_._1/attn/c_attn/weight:0', 'wte/weight:0', 'h_._7/mlp/c_proj/weight:0', 'h_._2/ln_1/beta:0', 'h_._10/attn/c_proj/bias:0', 'h_._5/mlp/c_proj/weight:0', 'h_._1/ln_1/beta:0', 'h_._11/ln_1/beta:0', 'h_._0/ln_2/gamma:0', 'ln_f/beta:0', 'h_._4/attn/c_proj/bias:0', 'h_._11/mlp/c_fc/weight:0', 'h_._11/mlp/c_proj/weight:0', 'h_._8/ln_2/gamma:0', 'h_._0/mlp/c_proj/bias:0', 'h_._9/mlp/c_fc/weight:0', 'h_._10/attn/c_proj/weight:0', 'h_._11/ln_1/gamma:0', 'h_._1/ln_1/gamma:0', 'h_._7/ln_2/beta:0', 'h_._10/mlp/c_proj/bias:0', 'h_._10/mlp/c_proj/weight:0', 'h_._5/attn/c_attn/bias:0', 'h_._8/mlp/c_fc/weight:0', 'h_._7/attn/c_proj/weight:0', 'h_._0/mlp/c_fc/bias:0', 'h_._0/mlp/c_proj/weight:0', 'h_._9/attn/c_proj/bias:0', 'h_._0/ln_2/beta:0', 'h_._6/attn/c_proj/weight:0', 'h_._8/attn/c_proj/weight:0', 'h_._10/attn/c_attn/weight:0', 'h_._7/ln_2/gamma:0', 'h_._2/attn/c_proj/bias:0', 'h_._1/ln_2/beta:0', 'h_._5/attn/c_attn/weight:0', 'h_._5/mlp/c_fc/bias:0', 'h_._6/mlp/c_fc/bias:0', 'h_._8/attn/c_proj/bias:0', 'h_._2/ln_2/beta:0', 'h_._9/ln_2/gamma:0', 'h_._4/ln_2/gamma:0', 'h_._3/ln_2/gamma:0', 'h_._8/ln_2/beta:0', 'h_._1/attn/c_proj/bias:0', 'h_._6/attn/c_attn/weight:0', 'h_._0/attn/c_proj/bias:0', 'h_._6/attn/c_proj/bias:0', 'h_._10/ln_2/beta:0', 'wpe/embeddings:0', 'h_._3/mlp/c_proj/weight:0', 'h_._6/ln_1/beta:0', 'h_._11/mlp/c_fc/bias:0', 'h_._4/attn/c_proj/weight:0', 'h_._10/mlp/c_fc/bias:0', 'h_._2/mlp/c_fc/bias:0', 'h_._2/ln_1/gamma:0', 'h_._0/attn/c_attn/bias:0', 'h_._3/attn/c_attn/bias:0', 'h_._0/attn/c_attn/weight:0', 'h_._4/ln_1/gamma:0', 'h_._2/ln_2/gamma:0', 'h_._6/ln_1/gamma:0', 'h_._4/attn/c_attn/bias:0', 'h_._9/attn/c_proj/weight:0', 'h_._11/attn/c_proj/bias:0', 'h_._7/mlp/c_fc/weight:0', 'h_._0/attn/c_proj/weight:0', 'h_._3/ln_2/beta:0', 'h_._9/ln_1/gamma:0', 'h_._11/attn/c_attn/weight:0', 'h_._7/ln_1/gamma:0', 'h_._7/mlp/c_proj/bias:0', 'h_._10/ln_1/gamma:0', 'h_._3/attn/c_attn/weight:0', 'h_._7/ln_1/beta:0', 'h_._8/mlp/c_fc/bias:0', 'h_._4/ln_2/beta:0', 'h_._1/mlp/c_proj/bias:0', 'h_._11/ln_2/beta:0', 'h_._3/mlp/c_fc/bias:0', 'h_._4/attn/c_attn/weight:0', 'h_._4/mlp/c_proj/bias:0', 'h_._8/ln_1/gamma:0', 'h_._7/attn/c_proj/bias:0', 'h_._5/ln_2/gamma:0', 'h_._10/ln_2/gamma:0', 'h_._6/mlp/c_proj/weight:0', 'h_._9/mlp/c_proj/weight:0', 'h_._1/mlp/c_proj/weight:0', 'h_._2/mlp/c_proj/bias:0', 'h_._1/attn/c_attn/bias:0', 'h_._4/mlp/c_fc/weight:0', 'h_._6/attn/c_attn/bias:0', 'h_._11/attn/c_proj/weight:0', 'h_._9/attn/c_attn/weight:0', 'h_._5/mlp/c_fc/weight:0', 'h_._3/attn/c_proj/bias:0', 'h_._9/ln_1/beta:0', 'h_._10/mlp/c_fc/weight:0', 'h_._0/ln_1/beta:0', 'h_._0/mlp/c_fc/weight:0', 'h_._8/mlp/c_proj/bias:0', 'h_._2/mlp/c_fc/weight:0', 'h_._1/ln_2/gamma:0', 'h_._3/mlp/c_fc/weight:0', 'h_._5/ln_2/beta:0', 'h_._5/attn/c_proj/bias:0', 'h_._1/mlp/c_fc/bias:0', 'h_._2/mlp/c_proj/weight:0']
- This IS expected if you are initializing TFGPT2LMHeadModel from the checkpoint of a model trained on another task or with another architecture (e.g. initializing a BertForSequenceClassification model from a BertForPretraining model).
- This IS NOT expected if you are initializing TFGPT2LMHeadModel from the checkpoint of a model that you expect to be exactly identical (initializing a BertForSequenceClassification model from a BertForSequenceClassification model).
Some layers of TFGPT2LMHeadModel were not initialized from the model checkpoint at gpt2 and are newly initialized: ['gpt2_encoder/tfgp_t2lm_head_model/transformer/h_._1/mlp/c_proj/weight:0', 'gpt2_encoder/tfgp_t2lm_head_model/transformer/h_._0/attn/c_attn/bias:0', 'gpt2_encoder/tfgp_t2lm_head_model/transformer/h_._4/ln_2/beta:0', 'gpt2_encoder/tfgp_t2lm_head_model/transformer/h_._9/ln_2/beta:0', 'gpt2_encoder/tfgp_t2lm_head_model/transformer/h_._9/mlp/c_fc/weight:0', 'gpt2_encoder/tfgp_t2lm_head_model/transformer/h_._6/ln_2/beta:0', 'gpt2_encoder/tfgp_t2lm_head_model/transformer/h_._1/ln_1/gamma:0', 'gpt2_encoder/tfgp_t2lm_head_model/transformer/h_._10/mlp/c_fc/bias:0', 'gpt2_encoder/tfgp_t2lm_head_model/transformer/h_._10/attn/c_proj/bias:0', 'gpt2_encoder/tfgp_t2lm_head_model/transformer/h_._5/attn/c_proj/weight:0', 'gpt2_encoder/tfgp_t2lm_head_model/transformer/h_._0/ln_2/beta:0', 'gpt2_encoder/tfgp_t2lm_head_model/transformer/h_._8/mlp/c_proj/weight:0', 'gpt2_encoder/tfgp_t2lm_head_model/transformer/h_._8/mlp/c_proj/bias:0', 'gpt2_encoder/tfgp_t2lm_head_model/transformer/h_._9/attn/c_proj/weight:0', 'gpt2_encoder/tfgp_t2lm_head_model/transformer/h_._3/mlp/c_fc/bias:0', 'gpt2_encoder/tfgp_t2lm_head_model/transformer/h_._0/attn/c_proj/weight:0', 'gpt2_encoder/tfgp_t2lm_head_model/transformer/h_._5/attn/c_attn/bias:0', 'gpt2_encoder/tfgp_t2lm_head_model/transformer/h_._10/attn/c_proj/weight:0', 'gpt2_encoder/tfgp_t2lm_head_model/transformer/h_._10/ln_2/beta:0', 'gpt2_encoder/tfgp_t2lm_head_model/transformer/h_._11/attn/c_proj/weight:0', 'gpt2_encoder/tfgp_t2lm_head_model/transformer/h_._5/mlp/c_fc/weight:0', 'gpt2_encoder/tfgp_t2lm_head_model/transformer/h_._5/ln_1/gamma:0', 'gpt2_encoder/tfgp_t2lm_head_model/transformer/h_._10/attn/c_attn/bias:0', 'gpt2_encoder/tfgp_t2lm_head_model/transformer/h_._10/mlp/c_proj/bias:0', 'gpt2_encoder/tfgp_t2lm_head_model/transformer/h_._5/ln_2/beta:0', 'gpt2_encoder/tfgp_t2lm_head_model/transformer/h_._8/mlp/c_fc/weight:0', 'gpt2_encoder/tfgp_t2lm_head_model/transformer/h_._2/ln_2/beta:0', 'gpt2_encoder/tfgp_t2lm_head_model/transformer/h_._7/attn/c_proj/weight:0', 'gpt2_encoder/tfgp_t2lm_head_model/transformer/h_._3/attn/c_proj/bias:0', 'gpt2_encoder/tfgp_t2lm_head_model/transformer/h_._8/attn/c_attn/bias:0', 'gpt2_encoder/tfgp_t2lm_head_model/transformer/h_._1/attn/c_attn/bias:0', 'gpt2_encoder/tfgp_t2lm_head_model/transformer/h_._11/ln_2/gamma:0', 'gpt2_encoder/tfgp_t2lm_head_model/transformer/h_._8/ln_1/beta:0', 'gpt2_encoder/tfgp_t2lm_head_model/transformer/wte/weight:0', 'gpt2_encoder/tfgp_t2lm_head_model/transformer/h_._6/ln_2/gamma:0', 'gpt2_encoder/tfgp_t2lm_head_model/transformer/h_._8/mlp/c_fc/bias:0', 'gpt2_encoder/tfgp_t2lm_head_model/transformer/h_._7/mlp/c_proj/bias:0', 'gpt2_encoder/tfgp_t2lm_head_model/transformer/h_._4/ln_1/gamma:0', 'gpt2_encoder/tfgp_t2lm_head_model/transformer/h_._0/mlp/c_proj/weight:0', 'gpt2_encoder/tfgp_t2lm_head_model/transformer/h_._9/attn/c_proj/bias:0', 'gpt2_encoder/tfgp_t2lm_head_model/transformer/h_._7/ln_1/beta:0', 'gpt2_encoder/tfgp_t2lm_head_model/transformer/h_._2/mlp/c_proj/bias:0', 'gpt2_encoder/tfgp_t2lm_head_model/transformer/h_._7/ln_2/beta:0', 'gpt2_encoder/tfgp_t2lm_head_model/transformer/h_._4/attn/c_attn/weight:0', 'gpt2_encoder/tfgp_t2lm_head_model/transformer/h_._10/mlp/c_fc/weight:0', 'gpt2_encoder/tfgp_t2lm_head_model/transformer/h_._9/ln_1/gamma:0', 'gpt2_encoder/tfgp_t2lm_head_model/transformer/h_._2/attn/c_proj/weight:0', 'gpt2_encoder/tfgp_t2lm_head_model/transformer/h_._3/mlp/c_fc/weight:0', 'gpt2_encoder/tfgp_t2lm_head_model/transformer/h_._0/attn/c_attn/weight:0', 'gpt2_encoder/tfgp_t2lm_head_model/transformer/h_._9/ln_2/gamma:0', 'gpt2_encoder/tfgp_t2lm_head_model/transformer/h_._3/mlp/c_proj/weight:0', 'gpt2_encoder/tfgp_t2lm_head_model/transformer/h_._1/ln_1/beta:0', 'gpt2_encoder/tfgp_t2lm_head_model/transformer/h_._10/ln_1/beta:0', 'gpt2_encoder/tfgp_t2lm_head_model/transformer/h_._2/ln_1/beta:0', 'gpt2_encoder/tfgp_t2lm_head_model/transformer/h_._9/attn/c_attn/bias:0', 'gpt2_encoder/tfgp_t2lm_head_model/transformer/h_._8/attn/c_attn/weight:0', 'gpt2_encoder/tfgp_t2lm_head_model/transformer/h_._8/ln_2/gamma:0', 'gpt2_encoder/tfgp_t2lm_head_model/transformer/h_._2/mlp/c_proj/weight:0', 'gpt2_encoder/tfgp_t2lm_head_model/transformer/h_._4/attn/c_proj/weight:0', 'gpt2_encoder/tfgp_t2lm_head_model/transformer/h_._5/mlp/c_proj/weight:0', 'gpt2_encoder/tfgp_t2lm_head_model/transformer/h_._2/attn/c_attn/bias:0', 'gpt2_encoder/tfgp_t2lm_head_model/transformer/h_._8/ln_2/beta:0', 'gpt2_encoder/tfgp_t2lm_head_model/transformer/h_._7/attn/c_proj/bias:0', 'gpt2_encoder/tfgp_t2lm_head_model/transformer/h_._6/mlp/c_proj/bias:0', 'gpt2_encoder/tfgp_t2lm_head_model/transformer/h_._1/attn/c_proj/bias:0', 'gpt2_encoder/tfgp_t2lm_head_model/transformer/h_._2/attn/c_attn/weight:0', 'gpt2_encoder/tfgp_t2lm_head_model/transformer/h_._3/ln_2/gamma:0', 'gpt2_encoder/tfgp_t2lm_head_model/transformer/h_._1/mlp/c_fc/bias:0', 'gpt2_encoder/tfgp_t2lm_head_model/transformer/h_._3/ln_1/gamma:0', 'gpt2_encoder/tfgp_t2lm_head_model/transformer/h_._6/ln_1/beta:0', 'gpt2_encoder/tfgp_t2lm_head_model/transformer/h_._5/attn/c_proj/bias:0', 'gpt2_encoder/tfgp_t2lm_head_model/transformer/h_._6/mlp/c_fc/bias:0', 'gpt2_encoder/tfgp_t2lm_head_model/transformer/h_._5/ln_2/gamma:0', 'gpt2_encoder/tfgp_t2lm_head_model/transformer/h_._1/ln_2/gamma:0', 'gpt2_encoder/tfgp_t2lm_head_model/transformer/h_._2/ln_1/gamma:0', 'gpt2_encoder/tfgp_t2lm_head_model/transformer/h_._6/attn/c_attn/weight:0', 'gpt2_encoder/tfgp_t2lm_head_model/transformer/h_._2/attn/c_proj/bias:0', 'gpt2_encoder/tfgp_t2lm_head_model/transformer/h_._4/ln_1/beta:0', 'gpt2_encoder/tfgp_t2lm_head_model/transformer/h_._3/attn/c_attn/bias:0', 'gpt2_encoder/tfgp_t2lm_head_model/transformer/h_._0/attn/c_proj/bias:0', 'gpt2_encoder/tfgp_t2lm_head_model/transformer/h_._7/mlp/c_proj/weight:0', 'gpt2_encoder/tfgp_t2lm_head_model/transformer/h_._7/attn/c_attn/bias:0', 'gpt2_encoder/tfgp_t2lm_head_model/transformer/h_._4/ln_2/gamma:0', 'gpt2_encoder/tfgp_t2lm_head_model/transformer/h_._11/ln_2/beta:0', 'gpt2_encoder/tfgp_t2lm_head_model/transformer/h_._7/mlp/c_fc/bias:0', 'gpt2_encoder/tfgp_t2lm_head_model/transformer/h_._3/ln_1/beta:0', 'gpt2_encoder/tfgp_t2lm_head_model/transformer/h_._7/ln_2/gamma:0', 'gpt2_encoder/tfgp_t2lm_head_model/transformer/h_._1/mlp/c_fc/weight:0', 'gpt2_encoder/tfgp_t2lm_head_model/transformer/h_._11/attn/c_proj/bias:0', 'gpt2_encoder/tfgp_t2lm_head_model/transformer/h_._6/attn/c_proj/bias:0', 'gpt2_encoder/tfgp_t2lm_head_model/transformer/h_._6/attn/c_attn/bias:0', 'gpt2_encoder/tfgp_t2lm_head_model/transformer/h_._11/mlp/c_proj/weight:0', 'gpt2_encoder/tfgp_t2lm_head_model/transformer/h_._8/ln_1/gamma:0', 'gpt2_encoder/tfgp_t2lm_head_model/transformer/h_._11/mlp/c_fc/weight:0', 'gpt2_encoder/tfgp_t2lm_head_model/transformer/h_._3/mlp/c_proj/bias:0', 'gpt2_encoder/tfgp_t2lm_head_model/transformer/h_._4/mlp/c_fc/bias:0', 'gpt2_encoder/tfgp_t2lm_head_model/transformer/h_._9/attn/c_attn/weight:0', 'gpt2_encoder/tfgp_t2lm_head_model/transformer/h_._2/ln_2/gamma:0', 'gpt2_encoder/tfgp_t2lm_head_model/transformer/h_._11/ln_1/beta:0', 'gpt2_encoder/tfgp_t2lm_head_model/transformer/h_._0/mlp/c_fc/weight:0', 'gpt2_encoder/tfgp_t2lm_head_model/transformer/h_._9/mlp/c_proj/bias:0', 'gpt2_encoder/tfgp_t2lm_head_model/transformer/h_._7/attn/c_attn/weight:0', 'gpt2_encoder/tfgp_t2lm_head_model/transformer/h_._10/mlp/c_proj/weight:0', 'gpt2_encoder/tfgp_t2lm_head_model/transformer/h_._5/attn/c_attn/weight:0', 'gpt2_encoder/tfgp_t2lm_head_model/transformer/h_._6/ln_1/gamma:0', 'gpt2_encoder/tfgp_t2lm_head_model/transformer/h_._4/attn/c_proj/bias:0', 'gpt2_encoder/tfgp_t2lm_head_model/transformer/wpe/embeddings:0', 'gpt2_encoder/tfgp_t2lm_head_model/transformer/h_._11/attn/c_attn/bias:0', 'gpt2_encoder/tfgp_t2lm_head_model/transformer/h_._8/attn/c_proj/bias:0', 'gpt2_encoder/tfgp_t2lm_head_model/transformer/h_._10/ln_2/gamma:0', 'gpt2_encoder/tfgp_t2lm_head_model/transformer/h_._7/mlp/c_fc/weight:0', 'gpt2_encoder/tfgp_t2lm_head_model/transformer/h_._0/mlp/c_proj/bias:0', 'gpt2_encoder/tfgp_t2lm_head_model/transformer/h_._5/mlp/c_fc/bias:0', 'gpt2_encoder/tfgp_t2lm_head_model/transformer/h_._9/mlp/c_proj/weight:0', 'gpt2_encoder/tfgp_t2lm_head_model/transformer/h_._2/mlp/c_fc/weight:0', 'gpt2_encoder/tfgp_t2lm_head_model/transformer/h_._1/mlp/c_proj/bias:0', 'gpt2_encoder/tfgp_t2lm_head_model/transformer/h_._0/ln_1/gamma:0', 'gpt2_encoder/tfgp_t2lm_head_model/transformer/h_._3/attn/c_proj/weight:0', 'gpt2_encoder/tfgp_t2lm_head_model/transformer/h_._3/attn/c_attn/weight:0', 'gpt2_encoder/tfgp_t2lm_head_model/transformer/h_._1/ln_2/beta:0', 'gpt2_encoder/tfgp_t2lm_head_model/transformer/h_._11/mlp/c_proj/bias:0', 'gpt2_encoder/tfgp_t2lm_head_model/transformer/h_._11/mlp/c_fc/bias:0', 'gpt2_encoder/tfgp_t2lm_head_model/transformer/h_._10/attn/c_attn/weight:0', 'gpt2_encoder/tfgp_t2lm_head_model/transformer/h_._0/ln_1/beta:0', 'gpt2_encoder/tfgp_t2lm_head_model/transformer/h_._4/mlp/c_fc/weight:0', 'gpt2_encoder/tfgp_t2lm_head_model/transformer/h_._0/ln_2/gamma:0', 'gpt2_encoder/tfgp_t2lm_head_model/transformer/h_._9/ln_1/beta:0', 'gpt2_encoder/tfgp_t2lm_head_model/transformer/h_._1/attn/c_proj/weight:0', 'gpt2_encoder/tfgp_t2lm_head_model/transformer/h_._8/attn/c_proj/weight:0', 'gpt2_encoder/tfgp_t2lm_head_model/transformer/h_._7/ln_1/gamma:0', 'gpt2_encoder/tfgp_t2lm_head_model/transformer/h_._11/attn/c_attn/weight:0', 'gpt2_encoder/tfgp_t2lm_head_model/transformer/h_._4/mlp/c_proj/bias:0', 'gpt2_encoder/tfgp_t2lm_head_model/transformer/h_._11/ln_1/gamma:0', 'gpt2_encoder/tfgp_t2lm_head_model/transformer/h_._2/mlp/c_fc/bias:0', 'gpt2_encoder/tfgp_t2lm_head_model/transformer/h_._0/mlp/c_fc/bias:0', 'gpt2_encoder/tfgp_t2lm_head_model/transformer/h_._5/mlp/c_proj/bias:0', 'gpt2_encoder/tfgp_t2lm_head_model/transformer/h_._6/mlp/c_proj/weight:0', 'gpt2_encoder/tfgp_t2lm_head_model/transformer/h_._10/ln_1/gamma:0', 'gpt2_encoder/tfgp_t2lm_head_model/transformer/ln_f/gamma:0', 'gpt2_encoder/tfgp_t2lm_head_model/transformer/h_._6/mlp/c_fc/weight:0', 'gpt2_encoder/tfgp_t2lm_head_model/transformer/h_._6/attn/c_proj/weight:0', 'gpt2_encoder/tfgp_t2lm_head_model/transformer/h_._4/attn/c_attn/bias:0', 'gpt2_encoder/tfgp_t2lm_head_model/transformer/h_._5/ln_1/beta:0', 'gpt2_encoder/tfgp_t2lm_head_model/transformer/h_._3/ln_2/beta:0', 'gpt2_encoder/tfgp_t2lm_head_model/transformer/ln_f/beta:0', 'gpt2_encoder/tfgp_t2lm_head_model/transformer/h_._1/attn/c_attn/weight:0', 'gpt2_encoder/tfgp_t2lm_head_model/transformer/h_._9/mlp/c_fc/bias:0', 'gpt2_encoder/tfgp_t2lm_head_model/transformer/h_._4/mlp/c_proj/weight:0']
You should probably TRAIN this model on a down-stream task to be able to use it for predictions and inference.
[<transformers.modeling_tf_utils.TFSharedEmbeddings object at 0x7fc90c4855c0>]
Traceback (most recent call last):
  File "/mnt/34C28480C28447D6/PycharmProjects/semantic-code-search-tf2/venv/lib/python3.6/site-packages/tensorflow/python/framework/tensor_util.py", line 548, in make_tensor_proto
    str_values = [compat.as_bytes(x) for x in proto_values]
  File "/mnt/34C28480C28447D6/PycharmProjects/semantic-code-search-tf2/venv/lib/python3.6/site-packages/tensorflow/python/framework/tensor_util.py", line 548, in <listcomp>
    str_values = [compat.as_bytes(x) for x in proto_values]
  File "/mnt/34C28480C28447D6/PycharmProjects/semantic-code-search-tf2/venv/lib/python3.6/site-packages/tensorflow/python/util/compat.py", line 87, in as_bytes
    (bytes_or_text,))
TypeError: Expected binary or unicode string, got <transformers.modeling_tf_utils.TFSharedEmbeddings object at 0x7fc90c4855c0>

During handling of the above exception, another exception occurred:

Traceback (most recent call last):
  File "/mnt/34C28480C28447D6/PycharmProjects/semantic-code-search-tf2/venv/lib/python3.6/site-packages/dpu_utils/utils/debughelper.py", line 21, in run_and_debug
    func()
  File "/mnt/34C28480C28447D6/PycharmProjects/semantic-code-search-tf2/src/train.py", line 199, in <lambda>
    run_and_debug(lambda: run(args), args['--debug'])
  File "/mnt/34C28480C28447D6/PycharmProjects/semantic-code-search-tf2/src/train.py", line 185, in run
    parallelize=not(arguments['--sequential']))
  File "/mnt/34C28480C28447D6/PycharmProjects/semantic-code-search-tf2/src/train.py", line 76, in run_train
    model.make_model(is_train=True)
  File "/mnt/34C28480C28447D6/PycharmProjects/semantic-code-search-tf2/src/models/model.py", line 231, in make_model
    self._make_model(is_train=is_train)
  File "/mnt/34C28480C28447D6/PycharmProjects/semantic-code-search-tf2/src/models/model.py", line 262, in _make_model
    self.ops['code_representations'] = tf.concat(language_encoders, axis=0)
  File "/mnt/34C28480C28447D6/PycharmProjects/semantic-code-search-tf2/venv/lib/python3.6/site-packages/tensorflow/python/util/dispatch.py", line 201, in wrapper
    return target(*args, **kwargs)
  File "/mnt/34C28480C28447D6/PycharmProjects/semantic-code-search-tf2/venv/lib/python3.6/site-packages/tensorflow/python/ops/array_ops.py", line 1653, in concat
    return identity(values[0], name=name)
  File "/mnt/34C28480C28447D6/PycharmProjects/semantic-code-search-tf2/venv/lib/python3.6/site-packages/tensorflow/python/util/dispatch.py", line 201, in wrapper
    return target(*args, **kwargs)
  File "/mnt/34C28480C28447D6/PycharmProjects/semantic-code-search-tf2/venv/lib/python3.6/site-packages/tensorflow/python/ops/array_ops.py", line 287, in identity
    ret = gen_array_ops.identity(input, name=name)
  File "/mnt/34C28480C28447D6/PycharmProjects/semantic-code-search-tf2/venv/lib/python3.6/site-packages/tensorflow/python/ops/gen_array_ops.py", line 4002, in identity
    "Identity", input=input, name=name)
  File "/mnt/34C28480C28447D6/PycharmProjects/semantic-code-search-tf2/venv/lib/python3.6/site-packages/tensorflow/python/framework/op_def_library.py", line 473, in _apply_op_helper
    raise err
  File "/mnt/34C28480C28447D6/PycharmProjects/semantic-code-search-tf2/venv/lib/python3.6/site-packages/tensorflow/python/framework/op_def_library.py", line 470, in _apply_op_helper
    preferred_dtype=default_dtype)
  File "/mnt/34C28480C28447D6/PycharmProjects/semantic-code-search-tf2/venv/lib/python3.6/site-packages/tensorflow/python/framework/ops.py", line 1499, in convert_to_tensor
    ret = conversion_func(value, dtype=dtype, name=name, as_ref=as_ref)
  File "/mnt/34C28480C28447D6/PycharmProjects/semantic-code-search-tf2/venv/lib/python3.6/site-packages/tensorflow/python/framework/constant_op.py", line 338, in _constant_tensor_conversion_function
    return constant(v, dtype=dtype, name=name)
  File "/mnt/34C28480C28447D6/PycharmProjects/semantic-code-search-tf2/venv/lib/python3.6/site-packages/tensorflow/python/framework/constant_op.py", line 264, in constant
    allow_broadcast=True)
  File "/mnt/34C28480C28447D6/PycharmProjects/semantic-code-search-tf2/venv/lib/python3.6/site-packages/tensorflow/python/framework/constant_op.py", line 282, in _constant_impl
    allow_broadcast=allow_broadcast))
  File "/mnt/34C28480C28447D6/PycharmProjects/semantic-code-search-tf2/venv/lib/python3.6/site-packages/tensorflow/python/framework/tensor_util.py", line 552, in make_tensor_proto
    "supported type." % (type(values), values))
TypeError: Failed to convert object of type <class 'transformers.modeling_tf_utils.TFSharedEmbeddings'> to Tensor. Contents: <transformers.modeling_tf_utils.TFSharedEmbeddings object at 0x7fc90c4855c0>. Consider casting elements to a supported type.
