2020-11-02 09:24:29.246266: I tensorflow/core/platform/cpu_feature_guard.cc:142] This TensorFlow binary is optimized with oneAPI Deep Neural Network Library (oneDNN)to use the following CPU instructions in performance-critical operations:  AVX2 FMA
To enable them in other operations, rebuild TensorFlow with the appropriate compiler flags.
2020-11-02 09:24:29.271236: I tensorflow/core/platform/profile_utils/cpu_utils.cc:104] CPU Frequency: 2799925000 Hz
2020-11-02 09:24:29.272078: I tensorflow/compiler/xla/service/service.cc:168] XLA service 0x5c1ff80 initialized for platform Host (this does not guarantee that XLA will be used). Devices:
2020-11-02 09:24:29.272123: I tensorflow/compiler/xla/service/service.cc:176]   StreamExecutor device (0): Host, Default Version
2020-11-02 09:24:29.276103: I tensorflow/stream_executor/platform/default/dso_loader.cc:48] Successfully opened dynamic library libcuda.so.1
2020-11-02 09:24:29.331537: I tensorflow/stream_executor/cuda/cuda_gpu_executor.cc:982] successful NUMA node read from SysFS had negative value (-1), but there must be at least one NUMA node, so returning NUMA node zero
2020-11-02 09:24:29.332030: I tensorflow/compiler/xla/service/service.cc:168] XLA service 0x5b9e020 initialized for platform CUDA (this does not guarantee that XLA will be used). Devices:
2020-11-02 09:24:29.332051: I tensorflow/compiler/xla/service/service.cc:176]   StreamExecutor device (0): GeForce GTX 1050, Compute Capability 6.1
2020-11-02 09:24:29.332342: I tensorflow/stream_executor/cuda/cuda_gpu_executor.cc:982] successful NUMA node read from SysFS had negative value (-1), but there must be at least one NUMA node, so returning NUMA node zero
2020-11-02 09:24:29.332556: I tensorflow/core/common_runtime/gpu/gpu_device.cc:1716] Found device 0 with properties: 
pciBusID: 0000:01:00.0 name: GeForce GTX 1050 computeCapability: 6.1
coreClock: 1.493GHz coreCount: 5 deviceMemorySize: 1.95GiB deviceMemoryBandwidth: 104.43GiB/s
2020-11-02 09:24:29.332588: I tensorflow/stream_executor/platform/default/dso_loader.cc:48] Successfully opened dynamic library libcudart.so.10.1
2020-11-02 09:24:29.334197: I tensorflow/stream_executor/platform/default/dso_loader.cc:48] Successfully opened dynamic library libcublas.so.10
2020-11-02 09:24:29.335625: I tensorflow/stream_executor/platform/default/dso_loader.cc:48] Successfully opened dynamic library libcufft.so.10
2020-11-02 09:24:29.336022: I tensorflow/stream_executor/platform/default/dso_loader.cc:48] Successfully opened dynamic library libcurand.so.10
2020-11-02 09:24:29.337674: I tensorflow/stream_executor/platform/default/dso_loader.cc:48] Successfully opened dynamic library libcusolver.so.10
2020-11-02 09:24:29.338728: I tensorflow/stream_executor/platform/default/dso_loader.cc:48] Successfully opened dynamic library libcusparse.so.10
2020-11-02 09:24:29.342444: I tensorflow/stream_executor/platform/default/dso_loader.cc:48] Successfully opened dynamic library libcudnn.so.7
2020-11-02 09:24:29.342629: I tensorflow/stream_executor/cuda/cuda_gpu_executor.cc:982] successful NUMA node read from SysFS had negative value (-1), but there must be at least one NUMA node, so returning NUMA node zero
2020-11-02 09:24:29.343081: I tensorflow/stream_executor/cuda/cuda_gpu_executor.cc:982] successful NUMA node read from SysFS had negative value (-1), but there must be at least one NUMA node, so returning NUMA node zero
2020-11-02 09:24:29.343371: I tensorflow/core/common_runtime/gpu/gpu_device.cc:1858] Adding visible gpu devices: 0
2020-11-02 09:24:29.343434: I tensorflow/stream_executor/platform/default/dso_loader.cc:48] Successfully opened dynamic library libcudart.so.10.1
2020-11-02 09:24:29.710275: I tensorflow/core/common_runtime/gpu/gpu_device.cc:1257] Device interconnect StreamExecutor with strength 1 edge matrix:
2020-11-02 09:24:29.710326: I tensorflow/core/common_runtime/gpu/gpu_device.cc:1263]      0 
2020-11-02 09:24:29.710333: I tensorflow/core/common_runtime/gpu/gpu_device.cc:1276] 0:   N 
2020-11-02 09:24:29.710809: I tensorflow/stream_executor/cuda/cuda_gpu_executor.cc:982] successful NUMA node read from SysFS had negative value (-1), but there must be at least one NUMA node, so returning NUMA node zero
2020-11-02 09:24:29.711226: I tensorflow/stream_executor/cuda/cuda_gpu_executor.cc:982] successful NUMA node read from SysFS had negative value (-1), but there must be at least one NUMA node, so returning NUMA node zero
2020-11-02 09:24:29.711453: I tensorflow/core/common_runtime/gpu/gpu_device.cc:1402] Created TensorFlow device (/job:localhost/replica:0/task:0/device:GPU:0 with 1347 MB memory) -> physical GPU (device: 0, name: GeForce GTX 1050, pci bus id: 0000:01:00.0, compute capability: 6.1)
<models.gpt2_model.GPT2Model object at 0x7fa555ccbef0>
Tokenizing and building vocabulary for code snippets and queries.  This step may take several hours.
Tensor("code_encoder/python/gpt2_encoder/tokens:0", shape=(None, 200), dtype=int32)
Tensor("code_encoder/python/gpt2_encoder/tokens_mask:0", shape=(None, 200), dtype=float32)
2020-11-02 09:25:30.339375: W tensorflow/python/util/util.cc:348] Sets are not currently considered sequences, but this may change in the future, so consider avoiding using them.
Some layers from the model checkpoint at gpt2 were not used when initializing TFGPT2Model: ['wpe/embeddings:0', 'h_._3/ln_2/gamma:0', 'h_._0/mlp/c_fc/bias:0', 'ln_f/beta:0', 'h_._4/mlp/c_fc/weight:0', 'h_._0/mlp/c_proj/weight:0', 'h_._1/mlp/c_proj/weight:0', 'h_._8/ln_1/beta:0', 'h_._2/ln_1/beta:0', 'h_._5/ln_2/beta:0', 'h_._10/mlp/c_proj/weight:0', 'h_._11/mlp/c_fc/weight:0', 'h_._3/mlp/c_proj/bias:0', 'h_._7/ln_2/beta:0', 'h_._9/ln_1/beta:0', 'h_._0/ln_1/gamma:0', 'h_._9/ln_1/gamma:0', 'h_._11/ln_1/gamma:0', 'h_._5/mlp/c_fc/weight:0', 'h_._11/attn/c_attn/bias:0', 'h_._11/ln_2/gamma:0', 'h_._9/ln_2/beta:0', 'h_._10/mlp/c_fc/weight:0', 'h_._2/attn/c_attn/weight:0', 'h_._6/attn/c_proj/weight:0', 'h_._4/attn/c_attn/bias:0', 'h_._2/mlp/c_fc/weight:0', 'h_._9/ln_2/gamma:0', 'h_._1/mlp/c_fc/weight:0', 'h_._9/mlp/c_proj/bias:0', 'h_._4/mlp/c_proj/weight:0', 'h_._5/attn/c_proj/weight:0', 'h_._7/mlp/c_proj/bias:0', 'h_._1/mlp/c_proj/bias:0', 'h_._8/mlp/c_proj/bias:0', 'h_._10/ln_2/beta:0', 'h_._8/ln_2/gamma:0', 'h_._<transformers.modeling_tf_gpt2.TFGPT2Model object at 0x7fa5341cfcc0>
11/mlp/c_fc/bias:0', 'h_._10/ln_1/gamma:0', 'h_._8/attn/c_proj/weight:0', 'h_._5/attn/c_proj/bias:0', 'h_._6/mlp/c_fc/weight:0', 'h_._10/mlp/c_fc/bias:0', 'h_._1/mlp/c_fc/bias:0', 'h_._5/mlp/c_fc/bias:0', 'h_._10/ln_1/beta:0', 'h_._5/attn/c_attn/weight:0', 'h_._3/attn/c_proj/weight:0', 'h_._1/ln_1/beta:0', 'h_._7/ln_1/beta:0', 'h_._2/mlp/c_proj/weight:0', 'h_._11/mlp/c_proj/weight:0', 'h_._8/ln_1/gamma:0', 'h_._8/attn/c_proj/bias:0', 'h_._10/attn/c_proj/weight:0', 'h_._1/attn/c_attn/bias:0', 'h_._4/mlp/c_fc/bias:0', 'h_._8/mlp/c_fc/weight:0', 'h_._11/mlp/c_proj/bias:0', 'h_._4/attn/c_proj/bias:0', 'h_._2/ln_2/beta:0', 'h_._6/mlp/c_proj/weight:0', 'h_._8/attn/c_attn/weight:0', 'h_._0/mlp/c_fc/weight:0', 'h_._11/attn/c_proj/weight:0', 'h_._5/ln_1/gamma:0', 'h_._0/attn/c_proj/bias:0', 'h_._3/mlp/c_proj/weight:0', 'h_._5/attn/c_attn/bias:0', 'h_._8/mlp/c_proj/weight:0', 'h_._5/ln_1/beta:0', 'h_._6/mlp/c_proj/bias:0', 'h_._3/attn/c_attn/bias:0', 'h_._3/mlp/c_fc/bias:0', 'h_._10/attn/c_attn/bias:0', 'h_._0/attn/c_p[None]
roj/weight:0', 'h_._4/ln_1/gamma:0', 'h_._4/attn/c_attn/weight:0', 'h_._4/mlp/c_proj/bias:0', 'h_._11/ln_1/beta:0', 'h_._10/ln_2/gamma:0', 'h_._6/ln_1/gamma:0', 'h_._5/mlp/c_proj/bias:0', 'h_._8/mlp/c_fc/bias:0', 'h_._9/attn/c_proj/weight:0', 'h_._6/attn/c_proj/bias:0', 'h_._1/ln_2/beta:0', 'h_._4/ln_2/gamma:0', 'h_._7/mlp/c_fc/weight:0', 'h_._7/attn/c_proj/bias:0', 'h_._4/attn/c_proj/weight:0', 'h_._2/attn/c_proj/bias:0', 'h_._2/mlp/c_fc/bias:0', 'h_._0/ln_2/beta:0', 'h_._7/mlp/c_fc/bias:0', 'h_._10/attn/c_attn/weight:0', 'h_._5/mlp/c_proj/weight:0', 'h_._7/mlp/c_proj/weight:0', 'h_._9/attn/c_attn/bias:0', 'h_._9/mlp/c_fc/bias:0', 'h_._9/mlp/c_fc/weight:0', 'h_._11/attn/c_proj/bias:0', 'h_._3/attn/c_attn/weight:0', 'h_._2/attn/c_attn/bias:0', 'h_._9/attn/c_proj/bias:0', 'h_._8/ln_2/beta:0', 'h_._6/ln_2/gamma:0', 'h_._2/ln_1/gamma:0', 'h_._1/ln_2/gamma:0', 'h_._4/ln_2/beta:0', 'h_._1/attn/c_attn/weight:0', 'h_._0/ln_2/gamma:0', 'h_._1/attn/c_proj/weight:0', 'h_._4/ln_1/beta:0', 'h_._0/attn/c_attn/bias:0', 'h_._6/ln_1/beta:0', 'h_._10/mlp/c_proj/bias:0', 'h_._2/ln_2/gamma:0', 'h_._3/mlp/c_fc/weight:0', 'h_._7/ln_2/gamma:0', 'h_._6/mlp/c_fc/bias:0', 'h_._5/ln_2/gamma:0', 'h_._3/ln_1/beta:0', 'h_._6/ln_2/beta:0', 'h_._6/attn/c_attn/bias:0', 'h_._0/ln_1/beta:0', 'h_._3/ln_1/gamma:0', 'h_._0/mlp/c_proj/bias:0', 'h_._0/attn/c_attn/weight:0', 'h_._6/attn/c_attn/weight:0', 'h_._11/ln_2/beta:0', 'h_._7/attn/c_proj/weight:0', 'h_._7/attn/c_attn/bias:0', 'wte/weight:0', 'h_._11/attn/c_attn/weight:0', 'h_._9/mlp/c_proj/weight:0', 'h_._10/attn/c_proj/bias:0', 'h_._3/attn/c_proj/bias:0', 'ln_f/gamma:0', 'h_._7/ln_1/gamma:0', 'h_._1/ln_1/gamma:0', 'h_._7/attn/c_attn/weight:0', 'h_._8/attn/c_attn/bias:0', 'h_._2/attn/c_proj/weight:0', 'h_._2/mlp/c_proj/bias:0', 'h_._3/ln_2/beta:0', 'h_._9/attn/c_attn/weight:0', 'h_._1/attn/c_proj/bias:0']
- This IS expected if you are initializing TFGPT2Model from the checkpoint of a model trained on another task or with another architecture (e.g. initializing a BertForSequenceClassification model from a BertForPretraining model).
- This IS NOT expected if you are initializing TFGPT2Model from the checkpoint of a model that you expect to be exactly identical (initializing a BertForSequenceClassification model from a BertForSequenceClassification model).
Some layers of TFGPT2Model were not initialized from the model checkpoint at gpt2 and are newly initialized: ['gpt2_encoder/tfgp_t2model/transformer/h_._11/mlp/c_proj/bias:0', 'gpt2_encoder/tfgp_t2model/transformer/h_._8/ln_2/beta:0', 'gpt2_encoder/tfgp_t2model/transformer/h_._0/mlp/c_fc/bias:0', 'gpt2_encoder/tfgp_t2model/transformer/h_._0/ln_2/beta:0', 'gpt2_encoder/tfgp_t2model/transformer/h_._9/attn/c_proj/weight:0', 'gpt2_encoder/tfgp_t2model/transformer/h_._11/ln_1/gamma:0', 'gpt2_encoder/tfgp_t2model/transformer/h_._2/ln_2/beta:0', 'gpt2_encoder/tfgp_t2model/transformer/h_._3/attn/c_proj/bias:0', 'gpt2_encoder/tfgp_t2model/transformer/h_._10/ln_2/beta:0', 'gpt2_encoder/tfgp_t2model/transformer/h_._6/attn/c_attn/weight:0', 'gpt2_encoder/tfgp_t2model/transformer/h_._10/attn/c_attn/weight:0', 'gpt2_encoder/tfgp_t2model/transformer/h_._2/attn/c_attn/weight:0', 'gpt2_encoder/tfgp_t2model/transformer/h_._10/mlp/c_proj/bias:0', 'gpt2_encoder/tfgp_t2model/transformer/h_._0/attn/c_proj/bias:0', 'gpt2_encoder/tfgp_t2model/transformer/h_._11/attn/c_attn/weight:0', 'gpt2_encoder/tfgp_t2model/transformer/h_._9/mlp/c_fc/bias:0', 'gpt2_encoder/tfgp_t2model/transformer/h_._0/mlp/c_proj/weight:0', 'gpt2_encoder/tfgp_t2model/transformer/h_._6/ln_1/beta:0', 'gpt2_encoder/tfgp_t2model/transformer/h_._1/ln_1/beta:0', 'gpt2_encoder/tfgp_t2model/transformer/h_._4/mlp/c_fc/weight:0', 'gpt2_encoder/tfgp_t2model/transformer/h_._10/ln_1/beta:0', 'gpt2_encoder/tfgp_t2model/transformer/h_._7/attn/c_attn/bias:0', 'gpt2_encoder/tfgp_t2model/transformer/h_._2/mlp/c_proj/weight:0', 'gpt2_encoder/tfgp_t2model/transformer/h_._6/attn/c_proj/bias:0', 'gpt2_encoder/tfgp_t2model/transformer/h_._7/mlp/c_fc/bias:0', 'gpt2_encoder/tfgp_t2model/transformer/h_._1/mlp/c_fc/bias:0', 'gpt2_encoder/tfgp_t2model/transformer/h_._4/mlp/c_proj/weight:0', 'gpt2_encoder/tfgp_t2model/transformer/h_._1/attn/c_attn/bias:0', 'gpt2_encoder/tfgp_t2model/transformer/h_._9/attn/c_proj/bias:0', 'gpt2_encoder/tfgp_t2model/transformer/h_._11/mlp/c_fc/weight:0', 'gpt2_encoder/tfgp_t2model/transformer/ln_f/gamma:0', 'gpt2_encoder/tfgp_t2model/transformer/wte/weight:0', 'gpt2_encoder/tfgp_t2model/transformer/h_._8/ln_2/gamma:0', 'gpt2_encoder/tfgp_t2model/transformer/h_._9/attn/c_attn/weight:0', 'gpt2_encoder/tfgp_t2model/transformer/h_._10/mlp/c_proj/weight:0', 'gpt2_encoder/tfgp_t2model/transformer/h_._4/attn/c_attn/weight:0', 'gpt2_encoder/tfgp_t2model/transformer/h_._3/ln_2/beta:0', 'gpt2_encoder/tfgp_t2model/transformer/h_._1/mlp/c_proj/weight:0', 'gpt2_encoder/tfgp_t2model/transformer/h_._3/attn/c_proj/weight:0', 'gpt2_encoder/tfgp_t2model/transformer/h_._0/attn/c_attn/weight:0', 'gpt2_encoder/tfgp_t2model/transformer/h_._6/mlp/c_fc/weight:0', 'gpt2_encoder/tfgp_t2model/transformer/h_._0/ln_1/beta:0', 'gpt2_encoder/tfgp_t2model/transformer/h_._1/attn/c_proj/weight:0', 'gpt2_encoder/tfgp_t2model/transformer/h_._10/mlp/c_fc/weight:0', 'gpt2_encoder/tfgp_t2model/transformer/h_._4/ln_2/gamma:0', 'gpt2_encoder/tfgp_t2model/transformer/h_._10/mlp/c_fc/bias:0', 'gpt2_encoder/tfgp_t2model/transformer/h_._9/ln_1/gamma:0', 'gpt2_encoder/tfgp_t2model/transformer/h_._6/mlp/c_proj/bias:0', 'gpt2_encoder/tfgp_t2model/transformer/h_._2/ln_2/gamma:0', 'gpt2_encoder/tfgp_t2model/transformer/h_._1/attn/c_attn/weight:0', 'gpt2_encoder/tfgp_t2model/transformer/h_._8/ln_1/beta:0', 'gpt2_encoder/tfgp_t2model/transformer/h_._3/mlp/c_fc/bias:0', 'gpt2_encoder/tfgp_t2model/transformer/h_._8/mlp/c_proj/bias:0', 'gpt2_encoder/tfgp_t2model/transformer/h_._1/mlp/c_proj/bias:0', 'gpt2_encoder/tfgp_t2model/transformer/h_._11/mlp/c_proj/weight:0', 'gpt2_encoder/tfgp_t2model/transformer/h_._5/attn/c_attn/weight:0', 'gpt2_encoder/tfgp_t2model/transformer/h_._0/attn/c_proj/weight:0', 'gpt2_encoder/tfgp_t2model/transformer/h_._3/mlp/c_fc/weight:0', 'gpt2_encoder/tfgp_t2model/transformer/h_._5/mlp/c_proj/bias:0', 'gpt2_encoder/tfgp_t2model/transformer/h_._4/attn/c_proj/weight:0', 'gpt2_encoder/tfgp_t2model/transformer/h_._9/mlp/c_fc/weight:0', 'gpt2_encoder/tfgp_t2model/transformer/h_._11/attn/c_attn/bias:0', 'gpt2_encoder/tfgp_t2model/transformer/h_._7/ln_2/beta:0', 'gpt2_encoder/tfgp_t2model/transformer/h_._1/attn/c_proj/bias:0', 'gpt2_encoder/tfgp_t2model/transformer/h_._5/mlp/c_fc/bias:0', 'gpt2_encoder/tfgp_t2model/transformer/h_._5/mlp/c_fc/weight:0', 'gpt2_encoder/tfgp_t2model/transformer/h_._0/ln_1/gamma:0', 'gpt2_encoder/tfgp_t2model/transformer/h_._6/ln_2/beta:0', 'gpt2_encoder/tfgp_t2model/transformer/h_._1/ln_2/beta:0', 'gpt2_encoder/tfgp_t2model/transformer/h_._1/mlp/c_fc/weight:0', 'gpt2_encoder/tfgp_t2model/transformer/h_._7/ln_1/gamma:0', 'gpt2_encoder/tfgp_t2model/transformer/h_._5/attn/c_attn/bias:0', 'gpt2_encoder/tfgp_t2model/transformer/h_._4/ln_2/beta:0', 'gpt2_encoder/tfgp_t2model/transformer/h_._1/ln_2/gamma:0', 'gpt2_encoder/tfgp_t2model/transformer/h_._0/ln_2/gamma:0', 'gpt2_encoder/tfgp_t2model/transformer/h_._2/ln_1/beta:0', 'gpt2_encoder/tfgp_t2model/transformer/h_._11/ln_2/beta:0', 'gpt2_encoder/tfgp_t2model/transformer/h_._6/attn/c_proj/weight:0', 'gpt2_encoder/tfgp_t2model/transformer/h_._0/attn/c_attn/bias:0', 'gpt2_encoder/tfgp_t2model/transformer/h_._6/ln_2/gamma:0', 'gpt2_encoder/tfgp_t2model/transformer/h_._2/attn/c_attn/bias:0', 'gpt2_encoder/tfgp_t2model/transformer/h_._8/attn/c_proj/bias:0', 'gpt2_encoder/tfgp_t2model/transformer/h_._4/mlp/c_proj/bias:0', 'gpt2_encoder/tfgp_t2model/transformer/h_._8/mlp/c_proj/weight:0', 'gpt2_encoder/tfgp_t2model/transformer/h_._2/mlp/c_proj/bias:0', 'gpt2_encoder/tfgp_t2model/transformer/h_._8/mlp/c_fc/weight:0', 'gpt2_encoder/tfgp_t2model/transformer/h_._2/mlp/c_fc/weight:0', 'gpt2_encoder/tfgp_t2model/transformer/h_._2/attn/c_proj/bias:0', 'gpt2_encoder/tfgp_t2model/transformer/h_._6/ln_1/gamma:0', 'gpt2_encoder/tfgp_t2model/transformer/h_._7/mlp/c_fc/weight:0', 'gpt2_encoder/tfgp_t2model/transformer/h_._11/attn/c_proj/weight:0', 'gpt2_encoder/tfgp_t2model/transformer/h_._7/attn/c_proj/bias:0', 'gpt2_encoder/tfgp_t2model/transformer/h_._4/ln_1/beta:0', 'gpt2_encoder/tfgp_t2model/transformer/h_._5/attn/c_proj/weight:0', 'gpt2_encoder/tfgp_t2model/transformer/h_._8/attn/c_attn/weight:0', 'gpt2_encoder/tfgp_t2model/transformer/h_._9/mlp/c_proj/bias:0', 'gpt2_encoder/tfgp_t2model/transformer/h_._3/mlp/c_proj/bias:0', 'gpt2_encoder/tfgp_t2model/transformer/h_._3/ln_2/gamma:0', 'gpt2_encoder/tfgp_t2model/transformer/h_._4/attn/c_proj/bias:0', 'gpt2_encoder/tfgp_t2model/transformer/h_._7/attn/c_attn/weight:0', 'gpt2_encoder/tfgp_t2model/transformer/h_._2/mlp/c_fc/bias:0', 'gpt2_encoder/tfgp_t2model/transformer/h_._7/mlp/c_proj/bias:0', 'gpt2_encoder/tfgp_t2model/transformer/h_._9/attn/c_attn/bias:0', 'gpt2_encoder/tfgp_t2model/transformer/h_._3/ln_1/beta:0', 'gpt2_encoder/tfgp_t2model/transformer/h_._0/mlp/c_proj/bias:0', 'gpt2_encoder/tfgp_t2model/transformer/h_._3/attn/c_attn/bias:0', 'gpt2_encoder/tfgp_t2model/transformer/h_._6/mlp/c_fc/bias:0', 'gpt2_encoder/tfgp_t2model/transformer/h_._3/attn/c_attn/weight:0', 'gpt2_encoder/tfgp_t2model/transformer/h_._3/ln_1/gamma:0', 'gpt2_encoder/tfgp_t2model/transformer/ln_f/beta:0', 'gpt2_encoder/tfgp_t2model/transformer/h_._6/mlp/c_proj/weight:0', 'gpt2_encoder/tfgp_t2model/transformer/h_._10/attn/c_proj/weight:0', 'gpt2_encoder/tfgp_t2model/transformer/h_._11/mlp/c_fc/bias:0', 'gpt2_encoder/tfgp_t2model/transformer/h_._5/attn/c_proj/bias:0', 'gpt2_encoder/tfgp_t2model/transformer/h_._5/ln_2/gamma:0', 'gpt2_encoder/tfgp_t2model/transformer/h_._7/mlp/c_proj/weight:0', 'gpt2_encoder/tfgp_t2model/transformer/h_._5/ln_1/beta:0', 'gpt2_encoder/tfgp_t2model/transformer/h_._7/ln_2/gamma:0', 'gpt2_encoder/tfgp_t2model/transformer/h_._8/mlp/c_fc/bias:0', 'gpt2_encoder/tfgp_t2model/transformer/h_._11/attn/c_proj/bias:0', 'gpt2_encoder/tfgp_t2model/transformer/h_._7/ln_1/beta:0', 'gpt2_encoder/tfgp_t2model/transformer/wpe/embeddings:0', 'gpt2_encoder/tfgp_t2model/transformer/h_._5/mlp/c_proj/weight:0', 'gpt2_encoder/tfgp_t2model/transformer/h_._4/attn/c_attn/bias:0', 'gpt2_encoder/tfgp_t2model/transformer/h_._4/ln_1/gamma:0', 'gpt2_encoder/tfgp_t2model/transformer/h_._9/mlp/c_proj/weight:0', 'gpt2_encoder/tfgp_t2model/transformer/h_._5/ln_2/beta:0', 'gpt2_encoder/tfgp_t2model/transformer/h_._11/ln_1/beta:0', 'gpt2_encoder/tfgp_t2model/transformer/h_._2/ln_1/gamma:0', 'gpt2_encoder/tfgp_t2model/transformer/h_._4/mlp/c_fc/bias:0', 'gpt2_encoder/tfgp_t2model/transformer/h_._7/attn/c_proj/weight:0', 'gpt2_encoder/tfgp_t2model/transformer/h_._9/ln_2/gamma:0', 'gpt2_encoder/tfgp_t2model/transformer/h_._2/attn/c_proj/weight:0', 'gpt2_encoder/tfgp_t2model/transformer/h_._1/ln_1/gamma:0', 'gpt2_encoder/tfgp_t2model/transformer/h_._9/ln_1/beta:0', 'gpt2_encoder/tfgp_t2model/transformer/h_._10/ln_1/gamma:0', 'gpt2_encoder/tfgp_t2model/transformer/h_._5/ln_1/gamma:0', 'gpt2_encoder/tfgp_t2model/transformer/h_._10/attn/c_attn/bias:0', 'gpt2_encoder/tfgp_t2model/transformer/h_._10/ln_2/gamma:0', 'gpt2_encoder/tfgp_t2model/transformer/h_._11/ln_2/gamma:0', 'gpt2_encoder/tfgp_t2model/transformer/h_._8/attn/c_proj/weight:0', 'gpt2_encoder/tfgp_t2model/transformer/h_._9/ln_2/beta:0', 'gpt2_encoder/tfgp_t2model/transformer/h_._0/mlp/c_fc/weight:0', 'gpt2_encoder/tfgp_t2model/transformer/h_._8/attn/c_attn/bias:0', 'gpt2_encoder/tfgp_t2model/transformer/h_._10/attn/c_proj/bias:0', 'gpt2_encoder/tfgp_t2model/transformer/h_._8/ln_1/gamma:0', 'gpt2_encoder/tfgp_t2model/transformer/h_._6/attn/c_attn/bias:0', 'gpt2_encoder/tfgp_t2model/transformer/h_._3/mlp/c_proj/weight:0']
You should probably TRAIN this model on a down-stream task to be able to use it for predictions and inference.
Traceback (most recent call last):
  File "/usr/local/lib/python3.6/dist-packages/tensorflow/python/framework/op_def_library.py", line 470, in _apply_op_helper
    preferred_dtype=default_dtype)
  File "/usr/local/lib/python3.6/dist-packages/tensorflow/python/framework/ops.py", line 1499, in convert_to_tensor
    ret = conversion_func(value, dtype=dtype, name=name, as_ref=as_ref)
  File "/usr/local/lib/python3.6/dist-packages/tensorflow/python/framework/constant_op.py", line 338, in _constant_tensor_conversion_function
    return constant(v, dtype=dtype, name=name)
  File "/usr/local/lib/python3.6/dist-packages/tensorflow/python/framework/constant_op.py", line 264, in constant
    allow_broadcast=True)
  File "/usr/local/lib/python3.6/dist-packages/tensorflow/python/framework/constant_op.py", line 282, in _constant_impl
    allow_broadcast=allow_broadcast))
  File "/usr/local/lib/python3.6/dist-packages/tensorflow/python/framework/tensor_util.py", line 444, in make_tensor_proto
    raise ValueError("None values not supported.")
ValueError: None values not supported.

During handling of the above exception, another exception occurred:

Traceback (most recent call last):
  File "/usr/local/lib/python3.6/dist-packages/tensorflow/python/framework/op_def_library.py", line 484, in _apply_op_helper
    values, as_ref=input_arg.is_ref).dtype.name
  File "/usr/local/lib/python3.6/dist-packages/tensorflow/python/framework/ops.py", line 1499, in convert_to_tensor
    ret = conversion_func(value, dtype=dtype, name=name, as_ref=as_ref)
  File "/usr/local/lib/python3.6/dist-packages/tensorflow/python/framework/constant_op.py", line 338, in _constant_tensor_conversion_function
    return constant(v, dtype=dtype, name=name)
  File "/usr/local/lib/python3.6/dist-packages/tensorflow/python/framework/constant_op.py", line 264, in constant
    allow_broadcast=True)
  File "/usr/local/lib/python3.6/dist-packages/tensorflow/python/framework/constant_op.py", line 282, in _constant_impl
    allow_broadcast=allow_broadcast))
  File "/usr/local/lib/python3.6/dist-packages/tensorflow/python/framework/tensor_util.py", line 444, in make_tensor_proto
    raise ValueError("None values not supported.")
ValueError: None values not supported.

During handling of the above exception, another exception occurred:

Traceback (most recent call last):
  File "train.py", line 199, in <module>
    run_and_debug(lambda: run(args), args['--debug'])
  File "/usr/local/lib/python3.6/dist-packages/dpu_utils/utils/debughelper.py", line 21, in run_and_debug
    func()
  File "train.py", line 199, in <lambda>
    run_and_debug(lambda: run(args), args['--debug'])
  File "train.py", line 185, in run
    parallelize=not(arguments['--sequential']))
  File "train.py", line 76, in run_train
    model.make_model(is_train=True)
  File "/home/dev/src/models/model.py", line 231, in make_model
    self._make_model(is_train=is_train)
  File "/home/dev/src/models/model.py", line 262, in _make_model
    self.ops['code_representations'] = tf.concat(language_encoders, axis=0)
  File "/usr/local/lib/python3.6/dist-packages/tensorflow/python/util/dispatch.py", line 201, in wrapper
    return target(*args, **kwargs)
  File "/usr/local/lib/python3.6/dist-packages/tensorflow/python/ops/array_ops.py", line 1653, in concat
    return identity(values[0], name=name)
  File "/usr/local/lib/python3.6/dist-packages/tensorflow/python/util/dispatch.py", line 201, in wrapper
    return target(*args, **kwargs)
  File "/usr/local/lib/python3.6/dist-packages/tensorflow/python/ops/array_ops.py", line 287, in identity
    ret = gen_array_ops.identity(input, name=name)
  File "/usr/local/lib/python3.6/dist-packages/tensorflow/python/ops/gen_array_ops.py", line 4002, in identity
    "Identity", input=input, name=name)
  File "/usr/local/lib/python3.6/dist-packages/tensorflow/python/framework/op_def_library.py", line 488, in _apply_op_helper
    (input_name, err))
ValueError: Tried to convert 'input' to a tensor and failed. Error: None values not supported.
